[ INFO] 2022-11-17 22:23:03.551 [main] Server - Database Connection Successful
[ INFO] 2022-11-17 22:23:29.059 [main] Server - Staff list retrieved from the database
[ INFO] 2022-11-17 22:24:43.818 [main] Server - Database Connection Successful
[ INFO] 2022-11-17 22:24:59.406 [main] Server - Staff list retrieved from the database
[ INFO] 2022-11-17 22:25:09.038 [main] Server - Customer found
[ INFO] 2022-11-17 22:26:46.677 [main] Server - Database Connection Successful
[ INFO] 2022-11-17 22:26:57.829 [main] Server - Staff list retrieved from the database
[ INFO] 2022-11-17 22:27:03.820 [main] Server - Staff found in the database
[ INFO] 2022-11-17 22:30:18.095 [main] Server - Staff list retrieved from the database
[ INFO] 2022-11-17 22:30:25.898 [main] Server - Staff found in the database
[ INFO] 2022-11-17 22:32:37.656 [main] Server - Staff list retrieved from the database
[ INFO] 2022-11-17 22:32:42.463 [main] Server - Staff found in the database
[ INFO] 2022-11-17 22:34:40.926 [main] Server - Staff list retrieved from the database
[ INFO] 2022-11-17 22:34:46.425 [main] Server - Staff found in the database
[ INFO] 2022-11-17 22:36:38.784 [main] Server - Staff added to the database
[ INFO] 2022-11-17 22:36:54.824 [main] Server - Staff list retrieved from the database
[ INFO] 2022-11-17 22:37:11.812 [main] Server - Staff found in the database
[ INFO] 2022-11-17 22:37:16.284 [main] Server - Staff deleted from the database
[ INFO] 2022-11-17 22:37:16.284 [main] Server - Staff not deleted from the database
[ INFO] 2022-11-17 22:37:22.416 [main] Server - Staff list retrieved from the database
[ INFO] 2022-11-17 22:38:41.340 [main] Server - Staff list retrieved from the database
[ INFO] 2022-11-17 22:39:01.220 [main] Server - Staff found in the database
[ INFO] 2022-11-17 22:39:08.770 [main] Server - Staff deleted from the database
[ INFO] 2022-11-17 22:39:08.771 [main] Server - Staff not deleted from the database
[ INFO] 2022-11-17 22:39:11.730 [main] Server - Staff list retrieved from the database
[ INFO] 2022-11-17 22:39:36.910 [main] Server - Product added to the database
[ INFO] 2022-11-17 22:40:14.284 [main] Server - Product added to the database
[ INFO] 2022-11-17 22:42:56.747 [main] Server - Product added to the database
[ INFO] 2022-11-17 22:46:21.937 [main] Server - Staff list retrieved from the database
[ INFO] 2022-11-17 22:54:31.805 [main] Server - Customer list sent to the client
[ INFO] 2022-11-17 22:58:01.672 [main] Server - Staff list retrieved from the database
[ INFO] 2022-11-17 23:03:32.681 [main] Server - Customer list sent to the client
[ INFO] 2022-11-17 23:06:48.806 [main] Server - Database Connection Successful
[ INFO] 2022-11-17 23:06:57.278 [main] Server - Customer list sent to the client
[ INFO] 2022-11-17 23:10:41.981 [main] Server - Database Connection Successful
[ INFO] 2022-11-17 23:10:56.835 [main] Server - Customer list sent to the client
[ INFO] 2022-11-17 23:11:04.284 [main] Server - Invoice added to the database
[ INFO] 2022-11-18 10:36:20.795 [main] Server - Database Connection Successful
[ INFO] 2022-11-18 10:36:50.369 [main] Server - Customer list sent to the client
[ INFO] 2022-11-18 10:37:00.768 [main] Server - Invoice added to the database
[ INFO] 2022-11-18 10:38:15.571 [main] Server - Database Connection Successful
[ INFO] 2022-11-18 10:38:25.184 [main] Server - Invoice added to the database
[ INFO] 2022-11-18 10:38:34.400 [main] Server - Invoice added to the database
